<?xml version="1.0" encoding="UTF-8"?>
<!-- Generated by org.testng.reporters.JUnitXMLReporter -->
<testsuite hostname="USER-20170728ZT" ignored="1" name="Test2" tests="3" failures="0" timestamp="07 八月 2017 12:26:16 GMT" time="0.062" errors="0">
  <testcase name="method1" time="0.016" classname="Day05.Class1"/>
  <testcase name="method2" time="0.015" classname="Day05.Class1"/>
  <testcase name="method5" time="0.0" classname="Day06.Class3"/>
  <testcase name="method6" time="0.0" classname="Day06.Class3">
    <ignored/>
  </testcase> <!-- method6 -->
</testsuite> <!-- Test2 -->
