<?xml version="1.0" encoding="UTF-8"?>
<!-- Generated by org.testng.reporters.JUnitXMLReporter -->
<testsuite hostname="USER-20170728ZT" ignored="0" name="Test" tests="4" failures="0" timestamp="07 八月 2017 09:30:47 GMT" time="0.083" errors="0">
  <testcase name="method1" time="0.015" classname="Day05.Class1"/>
  <testcase name="method2" time="0.003" classname="Day05.Class1"/>
  <testcase name="method3" time="0.004" classname="Day05.Class2"/>
  <testcase name="method4" time="0.004" classname="Day05.Class2"/>
</testsuite> <!-- Test -->
