<?xml version="1.0" encoding="UTF-8"?>
<!-- Generated by org.testng.reporters.JUnitXMLReporter -->
<testsuite hostname="USER-20170728ZT" ignored="4" tests="0" failures="0" timestamp="07 八月 2017 12:26:16 GMT" time="0.0" errors="0">
  <testcase name="method1" time="0.0" classname="Day05.Class1">
    <ignored/>
  </testcase> <!-- method1 -->
  <testcase name="method3" time="0.0" classname="Day05.Class2">
    <ignored/>
  </testcase> <!-- method3 -->
  <testcase name="method4" time="0.0" classname="Day05.Class2">
    <ignored/>
  </testcase> <!-- method4 -->
  <testcase name="method2" time="0.0" classname="Day05.Class1">
    <ignored/>
  </testcase> <!-- method2 -->
</testsuite>
