<?xml version="1.0" encoding="UTF-8"?>
<testng-results skipped="0" failed="0" ignored="5" total="8" passed="3">
  <reporter-output>
  </reporter-output>
  <suite name="Suite" duration-ms="140" started-at="2017-08-07T12:26:16Z" finished-at="2017-08-07T12:26:16Z">
    <groups>
      <group name="group1">
        <method signature="Class1.method1(java.lang.String)[pri:0, instance:Day05.Class1@420d3967]" name="method1" class="Day05.Class1"/>
      </group> <!-- group1 -->
      <group name="group2">
        <method signature="Class1.method1(java.lang.String)[pri:0, instance:Day05.Class1@420d3967]" name="method1" class="Day05.Class1"/>
      </group> <!-- group2 -->
    </groups>
    <test name="Test1" duration-ms="0" started-at="2017-08-07T12:26:16Z" finished-at="2017-08-07T12:26:16Z">
    </test> <!-- Test1 -->
    <test name="Test2" duration-ms="62" started-at="2017-08-07T12:26:16Z" finished-at="2017-08-07T12:26:16Z">
      <class name="Day06.Class3">
        <test-method status="PASS" signature="method5()[pri:0, instance:Day06.Class3@c616915]" name="method5" duration-ms="0" started-at="2017-08-07T20:26:16Z" finished-at="2017-08-07T20:26:16Z">
          <reporter-output>
          </reporter-output>
        </test-method> <!-- method5 -->
      </class> <!-- Day06.Class3 -->
      <class name="Day05.Class1">
        <test-method status="PASS" signature="method1(java.lang.String)[pri:0, instance:Day05.Class1@420d3967]" name="method1" duration-ms="16" started-at="2017-08-07T20:26:16Z" finished-at="2017-08-07T20:26:16Z">
          <params>
            <param index="0">
              <value>
                <![CDATA[b]]>
              </value>
            </param>
          </params>
          <reporter-output>
          </reporter-output>
        </test-method> <!-- method1 -->
        <test-method status="PASS" signature="method2()[pri:0, instance:Day05.Class1@420d3967]" name="method2" duration-ms="15" started-at="2017-08-07T20:26:16Z" finished-at="2017-08-07T20:26:16Z">
          <reporter-output>
          </reporter-output>
        </test-method> <!-- method2 -->
      </class> <!-- Day05.Class1 -->
    </test> <!-- Test2 -->
  </suite> <!-- Suite -->
</testng-results>
